{
  "stats": {
    "suites": 1,
    "tests": 1,
    "passes": 1,
    "pending": 0,
    "failures": 0,
    "start": "2021-01-07T18:07:12.364Z",
    "end": "2021-01-07T18:07:21.117Z",
    "duration": 8753,
    "testsRegistered": 1,
    "passPercent": 100,
    "pendingPercent": 0,
    "other": 0,
    "hasOther": false,
    "skipped": 0,
    "hasSkipped": false
  },
  "results": [
    {
      "uuid": "29a8311e-45ee-4d64-a5f0-759e5b8c2c4e",
      "title": "",
      "fullFile": "cypress/integration/article.spec.js",
      "file": "cypress/integration/article.spec.js",
      "beforeHooks": [],
      "afterHooks": [],
      "tests": [],
      "suites": [
        {
          "uuid": "f4a37f8c-f8a2-4639-bd24-5110aff714e0",
          "title": "Publicação",
          "fullFile": "",
          "file": "",
          "beforeHooks": [],
          "afterHooks": [],
          "tests": [
            {
              "title": "Criar uma nova publicação",
              "fullTitle": "Publicação Criar uma nova publicação",
              "timedOut": null,
              "duration": 8732,
              "state": "passed",
              "speed": "slow",
              "pass": true,
              "fail": false,
              "pending": false,
              "context": null,
              "code": "_articles[\"default\"].preencherFormulario();\n_articles[\"default\"].submeterPublicacao();\n_articles[\"default\"].verificaPublicacao();",
              "err": {},
              "uuid": "74886e7a-4b5d-462d-9003-d3a7ecea2041",
              "parentUUID": "f4a37f8c-f8a2-4639-bd24-5110aff714e0",
              "isHook": false,
              "skipped": false
            }
          ],
          "suites": [],
          "passes": [
            "74886e7a-4b5d-462d-9003-d3a7ecea2041"
          ],
          "failures": [],
          "pending": [],
          "skipped": [],
          "duration": 8732,
          "root": false,
          "rootEmpty": false,
          "_timeout": 2000
        }
      ],
      "passes": [],
      "failures": [],
      "pending": [],
      "skipped": [],
      "duration": 0,
      "root": true,
      "rootEmpty": true,
      "_timeout": 2000
    }
  ],
  "meta": {
    "mocha": {
      "version": "7.0.1"
    },
    "mochawesome": {
      "options": {
        "quiet": true,
        "reportFilename": "mochawesome",
        "saveHtml": false,
        "saveJson": true,
        "consoleReporter": "spec",
        "useInlineDiffs": false,
        "code": true
      },
      "version": "6.2.1"
    },
    "marge": {
      "options": {
        "id": "default",
        "reportDir": "mochawesome-report",
        "quiet": true,
        "overwrite": false,
        "html": false,
        "json": true
      },
      "version": "5.1.0"
    }
  }
}