{
  "stats": {
    "suites": 1,
    "tests": 1,
    "passes": 1,
    "pending": 0,
    "failures": 0,
    "start": "2021-01-07T18:12:47.906Z",
    "end": "2021-01-07T18:12:55.090Z",
    "duration": 7184,
    "testsRegistered": 1,
    "passPercent": 100,
    "pendingPercent": 0,
    "other": 0,
    "hasOther": false,
    "skipped": 0,
    "hasSkipped": false
  },
  "results": [
    {
      "uuid": "b7a8d0e7-2cde-4a24-8888-6ed4e94395ef",
      "title": "",
      "fullFile": "cypress/integration/article.spec.js",
      "file": "cypress/integration/article.spec.js",
      "beforeHooks": [],
      "afterHooks": [],
      "tests": [],
      "suites": [
        {
          "uuid": "ece9733b-a747-4561-ad04-ab9ef5254e4d",
          "title": "Publicação",
          "fullFile": "",
          "file": "",
          "beforeHooks": [],
          "afterHooks": [],
          "tests": [
            {
              "title": "Criar uma nova publicação",
              "fullTitle": "Publicação Criar uma nova publicação",
              "timedOut": null,
              "duration": 7143,
              "state": "passed",
              "speed": "slow",
              "pass": true,
              "fail": false,
              "pending": false,
              "context": null,
              "code": "_articles[\"default\"].preencherFormulario();\n_articles[\"default\"].submeterPublicacao();\n_articles[\"default\"].verificaPublicacao();",
              "err": {},
              "uuid": "42a2962d-9533-406b-b6b9-23c654c5793f",
              "parentUUID": "ece9733b-a747-4561-ad04-ab9ef5254e4d",
              "isHook": false,
              "skipped": false
            }
          ],
          "suites": [],
          "passes": [
            "42a2962d-9533-406b-b6b9-23c654c5793f"
          ],
          "failures": [],
          "pending": [],
          "skipped": [],
          "duration": 7143,
          "root": false,
          "rootEmpty": false,
          "_timeout": 2000
        }
      ],
      "passes": [],
      "failures": [],
      "pending": [],
      "skipped": [],
      "duration": 0,
      "root": true,
      "rootEmpty": true,
      "_timeout": 2000
    }
  ],
  "meta": {
    "mocha": {
      "version": "7.0.1"
    },
    "mochawesome": {
      "options": {
        "quiet": true,
        "reportFilename": "mochawesome",
        "saveHtml": false,
        "saveJson": true,
        "consoleReporter": "spec",
        "useInlineDiffs": false,
        "code": true
      },
      "version": "6.2.1"
    },
    "marge": {
      "options": {
        "id": "default",
        "reportDir": "mochawesome-report",
        "quiet": true,
        "overwrite": false,
        "html": false,
        "json": true
      },
      "version": "5.1.0"
    }
  }
}